Arguments: 
  C:\Program Files\nodejs\node.exe C:\Users\Hugo\AppData\Roaming\npm\node_modules\yarn\bin\yarn.js add --dev @types/react

PATH: 
  C:\Program Files (x86)\Common Files\Oracle\Java\javapath;C:\Python39\Scripts\;C:\Python39\;C:\Windows\system32;C:\Windows;C:\Windows\System32\Wbem;C:\Windows\System32\WindowsPowerShell\v1.0\;C:\Windows\System32\OpenSSH\;C:\Program Files (x86)\NVIDIA Corporation\PhysX\Common;C:\Program Files\nodejs\;C:\ProgramData\chocolatey\bin;C:\Program Files\Git\cmd;C:\Program Files\dotnet\;C:\Program Files\Docker\Docker\resources\bin;C:\ProgramData\DockerDesktop\version-bin;C:\Users\Hugo\AppData\Local\Microsoft\WindowsApps;;C:\Users\Hugo\AppData\Local\Programs\Microsoft VS Code\bin;C:\Users\Hugo\AppData\Roaming\npm;C:\Program Files\heroku\bin

Yarn version: 
  1.22.10

Node version: 
  14.15.3

Platform: 
  win32 x64

Trace: 
  Error: EPERM: operation not permitted, unlink 'C:\Users\Hugo\Desktop\projets\web\reddit-clone\node_modules\bcrypt\lib\binding\napi-v3\bcrypt_lib.node'

npm manifest: 
  {
    "name": "new-typeorm-project",
    "version": "0.0.1",
    "description": "Awesome project developed with TypeORM.",
    "devDependencies": {
      "@types/bcrypt": "^3.0.0",
      "@types/cookie": "^0.4.0",
      "@types/cookie-parser": "^1.4.2",
      "@types/express": "^4.17.11",
      "@types/jsonwebtoken": "^8.5.1",
      "@types/morgan": "^1.9.2",
      "@types/node": "^14.14.37",
      "morgan": "^1.10.0",
      "nodemon": "^2.0.7",
      "ts-node": "^9.1.1",
      "typescript": "^4.2.3"
    },
    "dependencies": {
      "bcrypt": "^5.0.1",
      "class-transformer": "^0.4.0",
      "class-validator": "^0.13.1",
      "cookie": "^0.4.1",
      "cookie-parser": "^1.4.5",
      "dotenv": "^8.2.0",
      "express": "^4.17.1",
      "jsonwebtoken": "^8.5.1",
      "pg": "^8.4.0",
      "reflect-metadata": "^0.1.10",
      "typeorm": "0.2.31"
    },
    "scripts": {
      "dev": "nodemon --exec ts-node src/server.ts",
      "start": "ts-node src/server.ts",
      "typeorm": "ts-node ./node_modules/typeorm/cli.js"
    }
  }

yarn manifest: 
  No manifest

Lockfile: 
  No lockfile
